(B) Just generate printout without running "diff"...
===> w1data/f0
===> w1data/f1
===> w1data/f2
===> w1data/f3
===> w1data/f4
===> w1data/f5
===> w1data/f6
===> w1data/f7
===> w1data/f8
===> w1data/f9
===> w1data/f10
===> w1data/f11
===> w1data/f12
===> w1data/f13
===> w1data/f14
===> w1data/f15
===> w1data/f16
===> w1data/f17
===> w1data/f18
===> w1data/f19
===> w1data/f20
===> w1data/f21
===> w1data/f22
===> w1data/f23
===> w1data/f24
===> w1data/f25
===> w1data/f26
===> w1data/f27
===> w1data/f28
===> w1data/f29
(B) Check printout one at a time...
Press any key to run "diff w1data/f0.sort f0.sort"...
Press any key to run "diff w1data/f1.sort f1.sort"...
Press any key to run "diff w1data/f2.sort f2.sort"...
Press any key to run "diff w1data/f3.sort f3.sort"...
Press any key to run "diff w1data/f4.sort f4.sort"...
Press any key to run "diff w1data/f5.sort f5.sort"...
Press any key to run "diff w1data/f6.sort f6.sort"...
Press any key to run "diff w1data/f7.sort f7.sort"...
Press any key to run "diff w1data/f8.sort f8.sort"...
Press any key to run "diff w1data/f9.sort f9.sort"...
Press any key to run "diff w1data/f10.sort f10.sort"...
Press any key to run "diff w1data/f11.sort f11.sort"...
Press any key to run "diff w1data/f12.sort f12.sort"...
Press any key to run "diff w1data/f13.sort f13.sort"...
Press any key to run "diff w1data/f14.sort f14.sort"...
Press any key to run "diff w1data/f15.sort f15.sort"...
Press any key to run "diff w1data/f16.sort f16.sort"...
Press any key to run "diff w1data/f17.sort f17.sort"...
Press any key to run "diff w1data/f18.sort f18.sort"...
Press any key to run "diff w1data/f19.sort f19.sort"...
Press any key to run "diff w1data/f20.sort f20.sort"...
Press any key to run "diff w1data/f21.sort f21.sort"...
Press any key to run "diff w1data/f22.sort f22.sort"...
Press any key to run "diff w1data/f23.sort f23.sort"...
Press any key to run "diff w1data/f24.sort f24.sort"...
Press any key to run "diff w1data/f25.sort f25.sort"...
Press any key to run "diff w1data/f26.sort f26.sort"...
Press any key to run "diff w1data/f27.sort f27.sort"...
Press any key to run "diff w1data/f28.sort f28.sort"...
Press any key to run "diff w1data/f29.sort f29.sort"...
(B) Delete all generated .sort files...
Press any key to delete all generated .sort file (or press <Cntrl+C> to abort)...

Script done on Sun 22 Sep 2019 08:34:38 AM PDT
